situp_final/android/vision-quickstart/app/build/intermediates/manifest_merge_blame_file/debug/manifest-merger-blame-debug-report.txt
1<?xml version="1.0" encoding="utf-8"?>
2<manifest xmlns:android="http://schemas.android.com/apk/res/android"
3    package="com.google.mlkit.vision.demo"
4    android:installLocation="auto"
5    android:versionCode="11"
6    android:versionName="1.11" >
7    <!--
8 CameraX libraries require minSdkVersion 21, while this quickstart app
9    supports low to 19. Needs to use overrideLibrary to make the merger tool
10    ignore this conflict and import the libraries while keeping the app's lower
11    minSdkVersion value. In code, will check SDK version, before calling CameraX
12    APIs.
13    -->
14    <uses-sdk
14-->src\main\AndroidManifest.xml:12:5-15:63
15        android:minSdkVersion="19"
15-->src\main\AndroidManifest.xml:12:5-15:63
16        android:targetSdkVersion="31" />
16-->src\main\AndroidManifest.xml:12:5-15:63
17
18    <uses-feature android:name="android.hardware.camera" />
18-->src\main\AndroidManifest.xml:17:5-59
18-->src\main\AndroidManifest.xml:17:19-57
19
20    <uses-permission android:name="android.permission.INTERNET" />
20-->src\main\AndroidManifest.xml:19:5-66
20-->src\main\AndroidManifest.xml:19:22-64
21    <uses-permission android:name="android.permission.WRITE_EXTERNAL_STORAGE" />
21-->src\main\AndroidManifest.xml:20:5-80
21-->src\main\AndroidManifest.xml:20:22-78
22    <uses-permission android:name="android.permission.READ_EXTERNAL_STORAGE" />
22-->src\main\AndroidManifest.xml:21:5-79
22-->src\main\AndroidManifest.xml:21:22-77
23    <uses-permission android:name="android.permission.CAMERA" />
23-->src\main\AndroidManifest.xml:22:5-64
23-->src\main\AndroidManifest.xml:22:22-62
24
25    <queries>
25-->src\main\AndroidManifest.xml:114:5-118:15
26        <intent>
26-->src\main\AndroidManifest.xml:115:9-117:18
27            <action android:name="android.media.action.IMAGE_CAPTURE" />
27-->src\main\AndroidManifest.xml:116:13-73
27-->src\main\AndroidManifest.xml:116:21-70
28        </intent>
29    </queries>
30
31    <!-- For remote config -->
32    <uses-permission android:name="android.permission.ACCESS_NETWORK_STATE" />
32-->[com.google.mlkit:pose-detection-common:18.0.0-beta3] AndroidManifest.xml:7:5-79
32-->[com.google.mlkit:pose-detection-common:18.0.0-beta3] AndroidManifest.xml:7:22-76
33    <uses-permission android:name="android.permission.WAKE_LOCK" />
33-->[androidx.work:work-runtime:2.7.0] AndroidManifest.xml:25:5-68
33-->[androidx.work:work-runtime:2.7.0] AndroidManifest.xml:25:22-65
34    <uses-permission android:name="android.permission.RECEIVE_BOOT_COMPLETED" />
34-->[androidx.work:work-runtime:2.7.0] AndroidManifest.xml:27:5-81
34-->[androidx.work:work-runtime:2.7.0] AndroidManifest.xml:27:22-78
35    <uses-permission android:name="android.permission.FOREGROUND_SERVICE" />
35-->[androidx.work:work-runtime:2.7.0] AndroidManifest.xml:28:5-77
35-->[androidx.work:work-runtime:2.7.0] AndroidManifest.xml:28:22-74
36
37    <application
37-->src\main\AndroidManifest.xml:24:5-113:19
38        android:name="androidx.multidex.MultiDexApplication"
38-->src\main\AndroidManifest.xml:25:9-61
39        android:appComponentFactory="androidx.core.app.CoreComponentFactory"
39-->[androidx.core:core:1.6.0] AndroidManifest.xml:24:18-86
40        android:debuggable="true"
41        android:icon="@mipmap/ic_launcher"
41-->src\main\AndroidManifest.xml:26:9-43
42        android:label="Sit Up Counter"
42-->src\main\AndroidManifest.xml:27:9-39
43        android:testOnly="true"
44        android:theme="@style/Theme.AppCompat" >
44-->src\main\AndroidManifest.xml:28:9-47
45        <meta-data
45-->src\main\AndroidManifest.xml:30:9-32:68
46            android:name="com.google.android.gms.version"
46-->src\main\AndroidManifest.xml:31:13-58
47            android:value="@integer/google_play_services_version" />
47-->src\main\AndroidManifest.xml:32:13-66
48
49        <!--
50          Optional: Add it to automatically download ML model to device after
51          your app is installed.
52        -->
53        <meta-data
53-->src\main\AndroidManifest.xml:36:9-38:62
54            android:name="com.google.mlkit.vision.DEPENDENCIES"
54-->src\main\AndroidManifest.xml:37:13-64
55            android:value="barcode,face,ocr,ica,custom_ica" />
55-->src\main\AndroidManifest.xml:38:13-60
56
57        <activity
57-->src\main\AndroidManifest.xml:40:9-45:20
58            android:name="com.google.mlkit.vision.demo.EntryChoiceActivity"
58-->src\main\AndroidManifest.xml:41:13-48
59            android:exported="false"
59-->src\main\AndroidManifest.xml:42:13-37
60            android:theme="@style/AppTheme" >
60-->src\main\AndroidManifest.xml:43:13-44
61        </activity>
62        <activity
62-->src\main\AndroidManifest.xml:47:9-50:20
63            android:name="com.google.mlkit.vision.demo.java.ChooserActivity"
63-->src\main\AndroidManifest.xml:48:13-49
64            android:exported="false" >
64-->src\main\AndroidManifest.xml:49:13-37
65        </activity>
66        <activity
66-->src\main\AndroidManifest.xml:52:9-60:20
67            android:name="com.google.mlkit.vision.demo.java.LivePreviewActivity"
67-->src\main\AndroidManifest.xml:53:13-53
68            android:exported="true"
68-->src\main\AndroidManifest.xml:54:13-36
69            android:theme="@style/AppTheme" >
69-->src\main\AndroidManifest.xml:55:13-44
70            <intent-filter>
70-->src\main\AndroidManifest.xml:56:13-59:29
71                <action android:name="android.intent.action.MAIN" />
71-->src\main\AndroidManifest.xml:57:17-68
71-->src\main\AndroidManifest.xml:57:25-66
72
73                <category android:name="android.intent.category.LAUNCHER" />
73-->src\main\AndroidManifest.xml:58:17-76
73-->src\main\AndroidManifest.xml:58:27-74
74            </intent-filter>
75        </activity>
76        <activity
76-->src\main\AndroidManifest.xml:62:9-66:20
77            android:name="com.google.mlkit.vision.demo.java.CameraXLivePreviewActivity"
77-->src\main\AndroidManifest.xml:63:13-60
78            android:exported="false"
78-->src\main\AndroidManifest.xml:64:13-37
79            android:theme="@style/AppTheme" >
79-->src\main\AndroidManifest.xml:65:13-44
80        </activity>
81        <activity
81-->src\main\AndroidManifest.xml:68:9-72:20
82            android:name="com.google.mlkit.vision.demo.java.CameraXSourceDemoActivity"
82-->src\main\AndroidManifest.xml:69:13-59
83            android:exported="false"
83-->src\main\AndroidManifest.xml:70:13-37
84            android:theme="@style/AppTheme" >
84-->src\main\AndroidManifest.xml:71:13-44
85        </activity>
86        <activity
86-->src\main\AndroidManifest.xml:74:9-78:20
87            android:name="com.google.mlkit.vision.demo.java.StillImageActivity"
87-->src\main\AndroidManifest.xml:75:13-52
88            android:exported="false"
88-->src\main\AndroidManifest.xml:76:13-37
89            android:theme="@style/AppTheme" >
89-->src\main\AndroidManifest.xml:77:13-44
90        </activity>
91        <activity
91-->src\main\AndroidManifest.xml:80:9-83:20
92            android:name="com.google.mlkit.vision.demo.kotlin.ChooserActivity"
92-->src\main\AndroidManifest.xml:81:13-51
93            android:exported="false" >
93-->src\main\AndroidManifest.xml:82:13-37
94        </activity>
95        <activity
95-->src\main\AndroidManifest.xml:85:9-89:20
96            android:name="com.google.mlkit.vision.demo.kotlin.LivePreviewActivity"
96-->src\main\AndroidManifest.xml:86:13-55
97            android:exported="false"
97-->src\main\AndroidManifest.xml:87:13-37
98            android:theme="@style/AppTheme" >
98-->src\main\AndroidManifest.xml:88:13-44
99        </activity>
100        <activity
100-->src\main\AndroidManifest.xml:91:9-95:20
101            android:name="com.google.mlkit.vision.demo.kotlin.CameraXLivePreviewActivity"
101-->src\main\AndroidManifest.xml:92:13-62
102            android:exported="false"
102-->src\main\AndroidManifest.xml:93:13-37
103            android:theme="@style/AppTheme" >
103-->src\main\AndroidManifest.xml:94:13-44
104        </activity>
105        <activity
105-->src\main\AndroidManifest.xml:97:9-101:20
106            android:name="com.google.mlkit.vision.demo.kotlin.CameraXSourceDemoActivity"
106-->src\main\AndroidManifest.xml:98:13-61
107            android:exported="false"
107-->src\main\AndroidManifest.xml:99:13-37
108            android:theme="@style/AppTheme" >
108-->src\main\AndroidManifest.xml:100:13-44
109        </activity>
110        <activity
110-->src\main\AndroidManifest.xml:103:9-107:20
111            android:name="com.google.mlkit.vision.demo.kotlin.StillImageActivity"
111-->src\main\AndroidManifest.xml:104:13-54
112            android:exported="false"
112-->src\main\AndroidManifest.xml:105:13-37
113            android:theme="@style/AppTheme" >
113-->src\main\AndroidManifest.xml:106:13-44
114        </activity>
115        <activity
115-->src\main\AndroidManifest.xml:109:9-111:39
116            android:name="com.google.mlkit.vision.demo.preference.SettingsActivity"
116-->src\main\AndroidManifest.xml:110:13-56
117            android:exported="false" />
117-->src\main\AndroidManifest.xml:111:13-37
118
119        <!--
120             Required for ML Kit Pose Detection GPU acceleration. Applications that target Android
121             S+ require explicit declaration of any referenced vendor-provided libraries.
122        -->
123        <uses-native-library
123-->[com.google.mlkit:pose-detection-common:18.0.0-beta3] AndroidManifest.xml:16:9-18:40
124            android:name="libOpenCL.so"
124-->[com.google.mlkit:pose-detection-common:18.0.0-beta3] AndroidManifest.xml:17:13-40
125            android:required="false" />
125-->[com.google.mlkit:pose-detection-common:18.0.0-beta3] AndroidManifest.xml:18:13-37
126        <uses-native-library
126-->[com.google.mlkit:pose-detection-common:18.0.0-beta3] AndroidManifest.xml:16:9-18:40
127            android:name="libOpenCL-car.so"
127-->[com.google.mlkit:pose-detection-common:18.0.0-beta3] AndroidManifest.xml:17:13-40
128            android:required="false" />
128-->[com.google.mlkit:pose-detection-common:18.0.0-beta3] AndroidManifest.xml:18:13-37
129        <uses-native-library
129-->[com.google.mlkit:pose-detection-common:18.0.0-beta3] AndroidManifest.xml:16:9-18:40
130            android:name="libOpenCL-pixel.so"
130-->[com.google.mlkit:pose-detection-common:18.0.0-beta3] AndroidManifest.xml:17:13-40
131            android:required="false" />
131-->[com.google.mlkit:pose-detection-common:18.0.0-beta3] AndroidManifest.xml:18:13-37
132
133        <service
133-->[com.google.mlkit:pose-detection-common:18.0.0-beta3] AndroidManifest.xml:26:9-32:19
134            android:name="com.google.mlkit.common.internal.MlKitComponentDiscoveryService"
134-->[com.google.mlkit:pose-detection-common:18.0.0-beta3] AndroidManifest.xml:27:13-91
135            android:directBootAware="true"
135-->[com.google.mlkit:common:18.6.0] AndroidManifest.xml:17:13-43
136            android:exported="false" >
136-->[com.google.mlkit:pose-detection-common:18.0.0-beta3] AndroidManifest.xml:28:13-37
137            <meta-data
137-->[com.google.mlkit:pose-detection-common:18.0.0-beta3] AndroidManifest.xml:29:13-31:85
138                android:name="com.google.firebase.components:com.google.mlkit.vision.pose.internal.PoseRegistrar"
138-->[com.google.mlkit:pose-detection-common:18.0.0-beta3] AndroidManifest.xml:30:17-114
139                android:value="com.google.firebase.components.ComponentRegistrar" />
139-->[com.google.mlkit:pose-detection-common:18.0.0-beta3] AndroidManifest.xml:31:17-82
140            <meta-data
140-->[com.google.mlkit:object-detection:17.0.0] AndroidManifest.xml:14:13-16:85
141                android:name="com.google.firebase.components:com.google.mlkit.vision.objects.defaults.internal.DefaultObjectsRegistrar"
141-->[com.google.mlkit:object-detection:17.0.0] AndroidManifest.xml:15:17-136
142                android:value="com.google.firebase.components.ComponentRegistrar" />
142-->[com.google.mlkit:object-detection:17.0.0] AndroidManifest.xml:16:17-82
143            <meta-data
143-->[com.google.mlkit:object-detection-custom:17.0.0] AndroidManifest.xml:11:13-13:85
144                android:name="com.google.firebase.components:com.google.mlkit.vision.objects.custom.internal.CustomObjectsRegistrar"
144-->[com.google.mlkit:object-detection-custom:17.0.0] AndroidManifest.xml:12:17-133
145                android:value="com.google.firebase.components.ComponentRegistrar" />
145-->[com.google.mlkit:object-detection-custom:17.0.0] AndroidManifest.xml:13:17-82
146            <meta-data
146-->[com.google.mlkit:image-labeling:17.0.7] AndroidManifest.xml:11:13-13:85
147                android:name="com.google.firebase.components:com.google.mlkit.vision.label.defaults.internal.BundledLabelRegistrar"
147-->[com.google.mlkit:image-labeling:17.0.7] AndroidManifest.xml:12:17-132
148                android:value="com.google.firebase.components.ComponentRegistrar" />
148-->[com.google.mlkit:image-labeling:17.0.7] AndroidManifest.xml:13:17-82
149            <meta-data
149-->[com.google.mlkit:image-labeling-custom:17.0.1] AndroidManifest.xml:11:13-13:85
150                android:name="com.google.firebase.components:com.google.mlkit.vision.label.custom.internal.CustomLabelRegistrar"
150-->[com.google.mlkit:image-labeling-custom:17.0.1] AndroidManifest.xml:12:17-129
151                android:value="com.google.firebase.components.ComponentRegistrar" />
151-->[com.google.mlkit:image-labeling-custom:17.0.1] AndroidManifest.xml:13:17-82
152            <meta-data
152-->[com.google.mlkit:segmentation-selfie:16.0.0-beta4] AndroidManifest.xml:12:13-14:85
153                android:name="com.google.firebase.components:com.google.mlkit.vision.segmentation.internal.SegmentationRegistrar"
153-->[com.google.mlkit:segmentation-selfie:16.0.0-beta4] AndroidManifest.xml:13:17-130
154                android:value="com.google.firebase.components.ComponentRegistrar" />
154-->[com.google.mlkit:segmentation-selfie:16.0.0-beta4] AndroidManifest.xml:14:17-82
155            <meta-data
155-->[com.google.mlkit:face-mesh-detection:16.0.0-beta1] AndroidManifest.xml:11:13-13:85
156                android:name="com.google.firebase.components:com.google.mlkit.vision.facemesh.internal.FaceMeshRegistrar"
156-->[com.google.mlkit:face-mesh-detection:16.0.0-beta1] AndroidManifest.xml:12:17-122
157                android:value="com.google.firebase.components.ComponentRegistrar" />
157-->[com.google.mlkit:face-mesh-detection:16.0.0-beta1] AndroidManifest.xml:13:17-82
158            <meta-data
158-->[com.google.android.gms:play-services-mlkit-barcode-scanning:18.1.0] AndroidManifest.xml:12:13-14:85
159                android:name="com.google.firebase.components:com.google.mlkit.vision.barcode.internal.BarcodeRegistrar"
159-->[com.google.android.gms:play-services-mlkit-barcode-scanning:18.1.0] AndroidManifest.xml:13:17-120
160                android:value="com.google.firebase.components.ComponentRegistrar" />
160-->[com.google.android.gms:play-services-mlkit-barcode-scanning:18.1.0] AndroidManifest.xml:14:17-82
161            <meta-data
161-->[com.google.mlkit:vision-internal-vkp:18.2.2] AndroidManifest.xml:14:13-16:85
162                android:name="com.google.firebase.components:com.google.mlkit.vision.vkp.VkpRegistrar"
162-->[com.google.mlkit:vision-internal-vkp:18.2.2] AndroidManifest.xml:15:17-103
163                android:value="com.google.firebase.components.ComponentRegistrar" />
163-->[com.google.mlkit:vision-internal-vkp:18.2.2] AndroidManifest.xml:16:17-82
164            <meta-data
164-->[com.google.android.gms:play-services-mlkit-face-detection:17.0.1] AndroidManifest.xml:12:13-14:85
165                android:name="com.google.firebase.components:com.google.mlkit.vision.face.internal.FaceRegistrar"
165-->[com.google.android.gms:play-services-mlkit-face-detection:17.0.1] AndroidManifest.xml:13:17-114
166                android:value="com.google.firebase.components.ComponentRegistrar" />
166-->[com.google.android.gms:play-services-mlkit-face-detection:17.0.1] AndroidManifest.xml:14:17-82
167            <meta-data
167-->[com.google.android.gms:play-services-mlkit-text-recognition-common:18.0.0] AndroidManifest.xml:12:13-14:85
168                android:name="com.google.firebase.components:com.google.mlkit.vision.text.internal.TextRegistrar"
168-->[com.google.android.gms:play-services-mlkit-text-recognition-common:18.0.0] AndroidManifest.xml:13:17-114
169                android:value="com.google.firebase.components.ComponentRegistrar" />
169-->[com.google.android.gms:play-services-mlkit-text-recognition-common:18.0.0] AndroidManifest.xml:14:17-82
170            <meta-data
170-->[com.google.mlkit:vision-common:17.3.0] AndroidManifest.xml:12:13-14:85
171                android:name="com.google.firebase.components:com.google.mlkit.vision.common.internal.VisionCommonRegistrar"
171-->[com.google.mlkit:vision-common:17.3.0] AndroidManifest.xml:13:17-124
172                android:value="com.google.firebase.components.ComponentRegistrar" />
172-->[com.google.mlkit:vision-common:17.3.0] AndroidManifest.xml:14:17-82
173            <meta-data
173-->[com.google.mlkit:common:18.6.0] AndroidManifest.xml:20:13-22:85
174                android:name="com.google.firebase.components:com.google.mlkit.common.internal.CommonComponentRegistrar"
174-->[com.google.mlkit:common:18.6.0] AndroidManifest.xml:21:17-120
175                android:value="com.google.firebase.components.ComponentRegistrar" />
175-->[com.google.mlkit:common:18.6.0] AndroidManifest.xml:22:17-82
176        </service>
177        <service
177-->[com.google.mlkit:acceleration:16.0.0-beta1] AndroidManifest.xml:8:9-11:68
178            android:name="com.google.mlkit.acceleration.internal.MlKitRemoteWorkerService"
178-->[com.google.mlkit:acceleration:16.0.0-beta1] AndroidManifest.xml:9:13-91
179            android:exported="false"
179-->[com.google.mlkit:acceleration:16.0.0-beta1] AndroidManifest.xml:10:13-37
180            android:process=":mlkit_acceleration_mini_benchmark" />
180-->[com.google.mlkit:acceleration:16.0.0-beta1] AndroidManifest.xml:11:13-65
181        <service
181-->[androidx.work:work-multiprocess:2.7.0] AndroidManifest.xml:25:9-27:40
182            android:name="androidx.work.multiprocess.RemoteWorkManagerService"
182-->[androidx.work:work-multiprocess:2.7.0] AndroidManifest.xml:26:13-79
183            android:exported="false" />
183-->[androidx.work:work-multiprocess:2.7.0] AndroidManifest.xml:27:13-37
184
185        <provider
185-->[com.google.mlkit:common:18.6.0] AndroidManifest.xml:9:9-13:38
186            android:name="com.google.mlkit.common.internal.MlKitInitProvider"
186-->[com.google.mlkit:common:18.6.0] AndroidManifest.xml:10:13-78
187            android:authorities="com.google.mlkit.vision.demo.mlkitinitprovider"
187-->[com.google.mlkit:common:18.6.0] AndroidManifest.xml:11:13-69
188            android:exported="false"
188-->[com.google.mlkit:common:18.6.0] AndroidManifest.xml:12:13-37
189            android:initOrder="99" />
189-->[com.google.mlkit:common:18.6.0] AndroidManifest.xml:13:13-35
190
191        <activity
191-->[com.google.android.gms:play-services-base:18.1.0] AndroidManifest.xml:20:9-22:45
192            android:name="com.google.android.gms.common.api.GoogleApiActivity"
192-->[com.google.android.gms:play-services-base:18.1.0] AndroidManifest.xml:20:19-85
193            android:exported="false"
193-->[com.google.android.gms:play-services-base:18.1.0] AndroidManifest.xml:22:19-43
194            android:theme="@android:style/Theme.Translucent.NoTitleBar" />
194-->[com.google.android.gms:play-services-base:18.1.0] AndroidManifest.xml:21:19-78
195
196        <provider
196-->[androidx.work:work-runtime:2.7.0] AndroidManifest.xml:31:9-39:20
197            android:name="androidx.startup.InitializationProvider"
197-->[androidx.work:work-runtime:2.7.0] AndroidManifest.xml:32:13-67
198            android:authorities="com.google.mlkit.vision.demo.androidx-startup"
198-->[androidx.work:work-runtime:2.7.0] AndroidManifest.xml:33:13-68
199            android:exported="false" >
199-->[androidx.work:work-runtime:2.7.0] AndroidManifest.xml:34:13-37
200            <meta-data
200-->[androidx.work:work-runtime:2.7.0] AndroidManifest.xml:36:13-38:52
201                android:name="androidx.work.WorkManagerInitializer"
201-->[androidx.work:work-runtime:2.7.0] AndroidManifest.xml:37:17-68
202                android:value="androidx.startup" />
202-->[androidx.work:work-runtime:2.7.0] AndroidManifest.xml:38:17-49
203        </provider>
204
205        <service
205-->[androidx.work:work-runtime:2.7.0] AndroidManifest.xml:41:9-46:35
206            android:name="androidx.work.impl.background.systemalarm.SystemAlarmService"
206-->[androidx.work:work-runtime:2.7.0] AndroidManifest.xml:42:13-88
207            android:directBootAware="false"
207-->[androidx.work:work-runtime:2.7.0] AndroidManifest.xml:43:13-44
208            android:enabled="@bool/enable_system_alarm_service_default"
208-->[androidx.work:work-runtime:2.7.0] AndroidManifest.xml:44:13-72
209            android:exported="false" />
209-->[androidx.work:work-runtime:2.7.0] AndroidManifest.xml:45:13-37
210        <service
210-->[androidx.work:work-runtime:2.7.0] AndroidManifest.xml:47:9-53:35
211            android:name="androidx.work.impl.background.systemjob.SystemJobService"
211-->[androidx.work:work-runtime:2.7.0] AndroidManifest.xml:48:13-84
212            android:directBootAware="false"
212-->[androidx.work:work-runtime:2.7.0] AndroidManifest.xml:49:13-44
213            android:enabled="@bool/enable_system_job_service_default"
213-->[androidx.work:work-runtime:2.7.0] AndroidManifest.xml:50:13-70
214            android:exported="true"
214-->[androidx.work:work-runtime:2.7.0] AndroidManifest.xml:51:13-36
215            android:permission="android.permission.BIND_JOB_SERVICE" />
215-->[androidx.work:work-runtime:2.7.0] AndroidManifest.xml:52:13-69
216        <service
216-->[androidx.work:work-runtime:2.7.0] AndroidManifest.xml:54:9-59:35
217            android:name="androidx.work.impl.foreground.SystemForegroundService"
217-->[androidx.work:work-runtime:2.7.0] AndroidManifest.xml:55:13-81
218            android:directBootAware="false"
218-->[androidx.work:work-runtime:2.7.0] AndroidManifest.xml:56:13-44
219            android:enabled="@bool/enable_system_foreground_service_default"
219-->[androidx.work:work-runtime:2.7.0] AndroidManifest.xml:57:13-77
220            android:exported="false" />
220-->[androidx.work:work-runtime:2.7.0] AndroidManifest.xml:58:13-37
221
222        <receiver
222-->[androidx.work:work-runtime:2.7.0] AndroidManifest.xml:61:9-66:35
223            android:name="androidx.work.impl.utils.ForceStopRunnable$BroadcastReceiver"
223-->[androidx.work:work-runtime:2.7.0] AndroidManifest.xml:62:13-88
224            android:directBootAware="false"
224-->[androidx.work:work-runtime:2.7.0] AndroidManifest.xml:63:13-44
225            android:enabled="true"
225-->[androidx.work:work-runtime:2.7.0] AndroidManifest.xml:64:13-35
226            android:exported="false" />
226-->[androidx.work:work-runtime:2.7.0] AndroidManifest.xml:65:13-37
227        <receiver
227-->[androidx.work:work-runtime:2.7.0] AndroidManifest.xml:67:9-77:20
228            android:name="androidx.work.impl.background.systemalarm.ConstraintProxy$BatteryChargingProxy"
228-->[androidx.work:work-runtime:2.7.0] AndroidManifest.xml:68:13-106
229            android:directBootAware="false"
229-->[androidx.work:work-runtime:2.7.0] AndroidManifest.xml:69:13-44
230            android:enabled="false"
230-->[androidx.work:work-runtime:2.7.0] AndroidManifest.xml:70:13-36
231            android:exported="false" >
231-->[androidx.work:work-runtime:2.7.0] AndroidManifest.xml:71:13-37
232            <intent-filter>
232-->[androidx.work:work-runtime:2.7.0] AndroidManifest.xml:73:13-76:29
233                <action android:name="android.intent.action.ACTION_POWER_CONNECTED" />
233-->[androidx.work:work-runtime:2.7.0] AndroidManifest.xml:74:17-87
233-->[androidx.work:work-runtime:2.7.0] AndroidManifest.xml:74:25-84
234                <action android:name="android.intent.action.ACTION_POWER_DISCONNECTED" />
234-->[androidx.work:work-runtime:2.7.0] AndroidManifest.xml:75:17-90
234-->[androidx.work:work-runtime:2.7.0] AndroidManifest.xml:75:25-87
235            </intent-filter>
236        </receiver>
237        <receiver
237-->[androidx.work:work-runtime:2.7.0] AndroidManifest.xml:78:9-88:20
238            android:name="androidx.work.impl.background.systemalarm.ConstraintProxy$BatteryNotLowProxy"
238-->[androidx.work:work-runtime:2.7.0] AndroidManifest.xml:79:13-104
239            android:directBootAware="false"
239-->[androidx.work:work-runtime:2.7.0] AndroidManifest.xml:80:13-44
240            android:enabled="false"
240-->[androidx.work:work-runtime:2.7.0] AndroidManifest.xml:81:13-36
241            android:exported="false" >
241-->[androidx.work:work-runtime:2.7.0] AndroidManifest.xml:82:13-37
242            <intent-filter>
242-->[androidx.work:work-runtime:2.7.0] AndroidManifest.xml:84:13-87:29
243                <action android:name="android.intent.action.BATTERY_OKAY" />
243-->[androidx.work:work-runtime:2.7.0] AndroidManifest.xml:85:17-77
243-->[androidx.work:work-runtime:2.7.0] AndroidManifest.xml:85:25-74
244                <action android:name="android.intent.action.BATTERY_LOW" />
244-->[androidx.work:work-runtime:2.7.0] AndroidManifest.xml:86:17-76
244-->[androidx.work:work-runtime:2.7.0] AndroidManifest.xml:86:25-73
245            </intent-filter>
246        </receiver>
247        <receiver
247-->[androidx.work:work-runtime:2.7.0] AndroidManifest.xml:89:9-99:20
248            android:name="androidx.work.impl.background.systemalarm.ConstraintProxy$StorageNotLowProxy"
248-->[androidx.work:work-runtime:2.7.0] AndroidManifest.xml:90:13-104
249            android:directBootAware="false"
249-->[androidx.work:work-runtime:2.7.0] AndroidManifest.xml:91:13-44
250            android:enabled="false"
250-->[androidx.work:work-runtime:2.7.0] AndroidManifest.xml:92:13-36
251            android:exported="false" >
251-->[androidx.work:work-runtime:2.7.0] AndroidManifest.xml:93:13-37
252            <intent-filter>
252-->[androidx.work:work-runtime:2.7.0] AndroidManifest.xml:95:13-98:29
253                <action android:name="android.intent.action.DEVICE_STORAGE_LOW" />
253-->[androidx.work:work-runtime:2.7.0] AndroidManifest.xml:96:17-83
253-->[androidx.work:work-runtime:2.7.0] AndroidManifest.xml:96:25-80
254                <action android:name="android.intent.action.DEVICE_STORAGE_OK" />
254-->[androidx.work:work-runtime:2.7.0] AndroidManifest.xml:97:17-82
254-->[androidx.work:work-runtime:2.7.0] AndroidManifest.xml:97:25-79
255            </intent-filter>
256        </receiver>
257        <receiver
257-->[androidx.work:work-runtime:2.7.0] AndroidManifest.xml:100:9-109:20
258            android:name="androidx.work.impl.background.systemalarm.ConstraintProxy$NetworkStateProxy"
258-->[androidx.work:work-runtime:2.7.0] AndroidManifest.xml:101:13-103
259            android:directBootAware="false"
259-->[androidx.work:work-runtime:2.7.0] AndroidManifest.xml:102:13-44
260            android:enabled="false"
260-->[androidx.work:work-runtime:2.7.0] AndroidManifest.xml:103:13-36
261            android:exported="false" >
261-->[androidx.work:work-runtime:2.7.0] AndroidManifest.xml:104:13-37
262            <intent-filter>
262-->[androidx.work:work-runtime:2.7.0] AndroidManifest.xml:106:13-108:29
263                <action android:name="android.net.conn.CONNECTIVITY_CHANGE" />
263-->[androidx.work:work-runtime:2.7.0] AndroidManifest.xml:107:17-79
263-->[androidx.work:work-runtime:2.7.0] AndroidManifest.xml:107:25-76
264            </intent-filter>
265        </receiver>
266        <receiver
266-->[androidx.work:work-runtime:2.7.0] AndroidManifest.xml:110:9-121:20
267            android:name="androidx.work.impl.background.systemalarm.RescheduleReceiver"
267-->[androidx.work:work-runtime:2.7.0] AndroidManifest.xml:111:13-88
268            android:directBootAware="false"
268-->[androidx.work:work-runtime:2.7.0] AndroidManifest.xml:112:13-44
269            android:enabled="false"
269-->[androidx.work:work-runtime:2.7.0] AndroidManifest.xml:113:13-36
270            android:exported="false" >
270-->[androidx.work:work-runtime:2.7.0] AndroidManifest.xml:114:13-37
271            <intent-filter>
271-->[androidx.work:work-runtime:2.7.0] AndroidManifest.xml:116:13-120:29
272                <action android:name="android.intent.action.BOOT_COMPLETED" />
272-->[androidx.work:work-runtime:2.7.0] AndroidManifest.xml:117:17-79
272-->[androidx.work:work-runtime:2.7.0] AndroidManifest.xml:117:25-76
273                <action android:name="android.intent.action.TIME_SET" />
273-->[androidx.work:work-runtime:2.7.0] AndroidManifest.xml:118:17-73
273-->[androidx.work:work-runtime:2.7.0] AndroidManifest.xml:118:25-70
274                <action android:name="android.intent.action.TIMEZONE_CHANGED" />
274-->[androidx.work:work-runtime:2.7.0] AndroidManifest.xml:119:17-81
274-->[androidx.work:work-runtime:2.7.0] AndroidManifest.xml:119:25-78
275            </intent-filter>
276        </receiver>
277        <receiver
277-->[androidx.work:work-runtime:2.7.0] AndroidManifest.xml:122:9-131:20
278            android:name="androidx.work.impl.background.systemalarm.ConstraintProxyUpdateReceiver"
278-->[androidx.work:work-runtime:2.7.0] AndroidManifest.xml:123:13-99
279            android:directBootAware="false"
279-->[androidx.work:work-runtime:2.7.0] AndroidManifest.xml:124:13-44
280            android:enabled="@bool/enable_system_alarm_service_default"
280-->[androidx.work:work-runtime:2.7.0] AndroidManifest.xml:125:13-72
281            android:exported="false" >
281-->[androidx.work:work-runtime:2.7.0] AndroidManifest.xml:126:13-37
282            <intent-filter>